Determining if the pthread_create exist failed with the following output:
Change Dir: /home/jperalta/Tutorials/cpp/nanodegree/module1/lesson5/local/CppND-Route-Planning-Project/build/CMakeFiles/CMakeTmp

Run Build Command(s):/usr/bin/make cmTC_cb5ff/fast 
/usr/bin/make -f CMakeFiles/cmTC_cb5ff.dir/build.make CMakeFiles/cmTC_cb5ff.dir/build
make[1]: Entering directory '/home/jperalta/Tutorials/cpp/nanodegree/module1/lesson5/local/CppND-Route-Planning-Project/build/CMakeFiles/CMakeTmp'
Building C object CMakeFiles/cmTC_cb5ff.dir/CheckSymbolExists.c.o
/usr/bin/cc    -o CMakeFiles/cmTC_cb5ff.dir/CheckSymbolExists.c.o   -c /home/jperalta/Tutorials/cpp/nanodegree/module1/lesson5/local/CppND-Route-Planning-Project/build/CMakeFiles/CMakeTmp/CheckSymbolExists.c
Linking C executable cmTC_cb5ff
/usr/local/bin/cmake -E cmake_link_script CMakeFiles/cmTC_cb5ff.dir/link.txt --verbose=1
/usr/bin/cc      -rdynamic CMakeFiles/cmTC_cb5ff.dir/CheckSymbolExists.c.o  -o cmTC_cb5ff 
CMakeFiles/cmTC_cb5ff.dir/CheckSymbolExists.c.o: In function `main':
CheckSymbolExists.c:(.text+0x1b): undefined reference to `pthread_create'
collect2: error: ld returned 1 exit status
CMakeFiles/cmTC_cb5ff.dir/build.make:86: recipe for target 'cmTC_cb5ff' failed
make[1]: *** [cmTC_cb5ff] Error 1
make[1]: Leaving directory '/home/jperalta/Tutorials/cpp/nanodegree/module1/lesson5/local/CppND-Route-Planning-Project/build/CMakeFiles/CMakeTmp'
Makefile:121: recipe for target 'cmTC_cb5ff/fast' failed
make: *** [cmTC_cb5ff/fast] Error 2

File /home/jperalta/Tutorials/cpp/nanodegree/module1/lesson5/local/CppND-Route-Planning-Project/build/CMakeFiles/CMakeTmp/CheckSymbolExists.c:
/* */
#include <pthread.h>

int main(int argc, char** argv)
{
  (void)argv;
#ifndef pthread_create
  return ((int*)(&pthread_create))[argc];
#else
  (void)argc;
  return 0;
#endif
}

Determining if the function pthread_create exists in the pthreads failed with the following output:
Change Dir: /home/jperalta/Tutorials/cpp/nanodegree/module1/lesson5/local/CppND-Route-Planning-Project/build/CMakeFiles/CMakeTmp

Run Build Command(s):/usr/bin/make cmTC_83edb/fast 
/usr/bin/make -f CMakeFiles/cmTC_83edb.dir/build.make CMakeFiles/cmTC_83edb.dir/build
make[1]: Entering directory '/home/jperalta/Tutorials/cpp/nanodegree/module1/lesson5/local/CppND-Route-Planning-Project/build/CMakeFiles/CMakeTmp'
Building C object CMakeFiles/cmTC_83edb.dir/CheckFunctionExists.c.o
/usr/bin/cc   -DCHECK_FUNCTION_EXISTS=pthread_create   -o CMakeFiles/cmTC_83edb.dir/CheckFunctionExists.c.o   -c /usr/local/share/cmake-3.14/Modules/CheckFunctionExists.c
Linking C executable cmTC_83edb
/usr/local/bin/cmake -E cmake_link_script CMakeFiles/cmTC_83edb.dir/link.txt --verbose=1
/usr/bin/cc  -DCHECK_FUNCTION_EXISTS=pthread_create    -rdynamic CMakeFiles/cmTC_83edb.dir/CheckFunctionExists.c.o  -o cmTC_83edb -lpthreads 
/usr/bin/ld: cannot find -lpthreads
collect2: error: ld returned 1 exit status
CMakeFiles/cmTC_83edb.dir/build.make:86: recipe for target 'cmTC_83edb' failed
make[1]: *** [cmTC_83edb] Error 1
make[1]: Leaving directory '/home/jperalta/Tutorials/cpp/nanodegree/module1/lesson5/local/CppND-Route-Planning-Project/build/CMakeFiles/CMakeTmp'
Makefile:121: recipe for target 'cmTC_83edb/fast' failed
make: *** [cmTC_83edb/fast] Error 2


